<?xml version="1.0" encoding="UTF-8"?>
<testng-results skipped="0" failed="0" ignored="0" total="1" passed="1">
  <reporter-output>
  </reporter-output>
  <suite name="Suite" duration-ms="21986" started-at="2023-07-29T15:12:26Z" finished-at="2023-07-29T15:12:48Z">
    <groups>
      <group name="cucumber">
        <method signature="AbstractTestNGCucumberTests.runScenario(io.cucumber.testng.PickleWrapper, io.cucumber.testng.FeatureWrapper)[pri:0, instance:runner.RunTest@184cf7cf]" name="runScenario" class="io.cucumber.testng.AbstractTestNGCucumberTests"/>
      </group> <!-- cucumber -->
    </groups>
    <test name="Test" duration-ms="21986" started-at="2023-07-29T15:12:26Z" finished-at="2023-07-29T15:12:48Z">
      <class name="runner.RunTest">
        <test-method status="PASS" signature="setUpClass()[pri:0, instance:runner.RunTest@184cf7cf]" name="setUpClass" is-config="true" duration-ms="785" started-at="2023-07-29T15:12:26Z" finished-at="2023-07-29T15:12:27Z">
          <reporter-output>
          </reporter-output>
        </test-method> <!-- setUpClass -->
        <test-method status="PASS" signature="runScenario(io.cucumber.testng.PickleWrapper, io.cucumber.testng.FeatureWrapper)[pri:0, instance:runner.RunTest@184cf7cf]" name="runScenario" duration-ms="20701" started-at="2023-07-29T15:12:27Z" description="Runs Cucumber Scenarios" data-provider="scenarios" finished-at="2023-07-29T15:12:47Z">
          <params>
            <param index="0">
              <value>
                <![CDATA["Search functionality"]]>
              </value>
            </param>
            <param index="1">
              <value>
                <![CDATA["Search functionality"]]>
              </value>
            </param>
          </params>
          <reporter-output>
          </reporter-output>
        </test-method> <!-- runScenario -->
        <test-method status="PASS" signature="tearDownClass()[pri:0, instance:runner.RunTest@184cf7cf]" name="tearDownClass" is-config="true" duration-ms="7" started-at="2023-07-29T15:12:48Z" finished-at="2023-07-29T15:12:48Z">
          <reporter-output>
          </reporter-output>
        </test-method> <!-- tearDownClass -->
      </class> <!-- runner.RunTest -->
    </test> <!-- Test -->
  </suite> <!-- Suite -->
</testng-results>
